<?xml version="1.0" encoding="UTF-8"?>
<testng-results skipped="0" failed="0" ignored="0" total="1" passed="1">
  <reporter-output>
  </reporter-output>
  <suite name="Default suite" duration-ms="9415" started-at="2021-03-27T17:10:54Z" finished-at="2021-03-27T17:11:04Z">
    <groups>
    </groups>
    <test name="Default test" duration-ms="9415" started-at="2021-03-27T17:10:54Z" finished-at="2021-03-27T17:11:04Z">
      <class name="com.TestCases.TestRunnerClass">
        <test-method status="PASS" signature="PlayDriver()[pri:0, instance:com.TestCases.TestRunnerClass@3d299e3]" name="PlayDriver" is-config="true" duration-ms="4554" started-at="2021-03-27T17:10:54Z" finished-at="2021-03-27T17:10:59Z">
          <reporter-output>
          </reporter-output>
        </test-method> <!-- PlayDriver -->
        <test-method status="PASS" signature="getStockDetails()[pri:0, instance:com.TestCases.TestRunnerClass@3d299e3]" name="getStockDetails" duration-ms="28" started-at="2021-03-27T17:10:59Z" finished-at="2021-03-27T17:10:59Z">
          <reporter-output>
          </reporter-output>
        </test-method> <!-- getStockDetails -->
        <test-method status="PASS" signature="tearDown()[pri:0, instance:com.TestCases.TestRunnerClass@3d299e3]" name="tearDown" is-config="true" duration-ms="4783" started-at="2021-03-27T17:10:59Z" finished-at="2021-03-27T17:11:04Z">
          <reporter-output>
          </reporter-output>
        </test-method> <!-- tearDown -->
      </class> <!-- com.TestCases.TestRunnerClass -->
    </test> <!-- Default test -->
  </suite> <!-- Default suite -->
</testng-results>
