<?xml version="1.0" encoding="UTF-8"?>
<testng-results skipped="0" failed="0" ignored="0" total="1" passed="1">
  <reporter-output>
  </reporter-output>
  <suite name="Default suite" duration-ms="10014" started-at="2021-03-08T20:15:13Z" finished-at="2021-03-08T20:15:23Z">
    <groups>
    </groups>
    <test name="Default test" duration-ms="10014" started-at="2021-03-08T20:15:13Z" finished-at="2021-03-08T20:15:23Z">
      <class name="com.TestCases.TestCase_001">
        <test-method status="PASS" signature="PlayDriver()[pri:0, instance:com.TestCases.TestCase_001@3ee0fea4]" name="PlayDriver" is-config="true" duration-ms="9990" started-at="2021-03-08T20:15:13Z" finished-at="2021-03-08T20:15:23Z">
          <reporter-output>
          </reporter-output>
        </test-method> <!-- PlayDriver -->
        <test-method status="PASS" signature="GetGainRecords()[pri:0, instance:com.TestCases.TestCase_001@3ee0fea4]" name="GetGainRecords" duration-ms="16" started-at="2021-03-08T20:15:23Z" finished-at="2021-03-08T20:15:23Z">
          <reporter-output>
          </reporter-output>
        </test-method> <!-- GetGainRecords -->
      </class> <!-- com.TestCases.TestCase_001 -->
    </test> <!-- Default test -->
  </suite> <!-- Default suite -->
</testng-results>
